2016-04-23 21:06:19 [ERROR]-[org.springframework.security.core.SpringSecurityCoreVersion.<clinit>(SpringSecurityCoreVersion.java:35)] *** Spring Major version '3' expected, but you are running with version: 4.0.0.RELEASE. Please check your classpath for unwanted jar files.
2016-04-23 21:06:39 [ERROR]-[org.hibernate.tool.hbm2ddl.SchemaUpdate.execute(SchemaUpdate.java:212)] Unsuccessful: create table BDF2_CLOB_STORE (ID_ varchar(255) not null, CONTENT_ CLOB, primary key (ID_))
2016-04-23 21:06:39 [ERROR]-[org.hibernate.tool.hbm2ddl.SchemaUpdate.execute(SchemaUpdate.java:213)] You have an error in your SQL syntax; check the manual that corresponds to your MySQL server version for the right syntax to use near 'CLOB, primary key (ID_))' at line 1
2016-04-23 21:06:41 [ERROR]-[org.hibernate.tool.hbm2ddl.SchemaUpdate.execute(SchemaUpdate.java:212)] Unsuccessful: create table FE_F_SYS_VERSION (ID_ varchar(50) not null, CONTEXT_PATH_ varchar(60), DOMAIN_NAME_ varchar(200) not null, NAVIGATE_ID_ varchar(50), PROTOCOL_ varchar(50) not null, SYS_VERSION_ integer, use bit not null, primary key (ID_))
2016-04-23 21:06:41 [ERROR]-[org.hibernate.tool.hbm2ddl.SchemaUpdate.execute(SchemaUpdate.java:213)] You have an error in your SQL syntax; check the manual that corresponds to your MySQL server version for the right syntax to use near 'use bit not null, primary key (ID_))' at line 1
2016-04-23 21:06:44 [ERROR]-[org.springframework.web.context.ContextLoader.initWebApplicationContext(ContextLoader.java:318)] Context initialization failed
org.springframework.beans.factory.BeanCreationException: Error creating bean with name 'bdf2.deptMaintain' defined in class path resource [com/bstek/bdf2/core/config/bdf2-core-configs.xml]: Cannot resolve reference to bean 'bdf2.roleService' while setting bean property 'roleService'; nested exception is org.springframework.beans.factory.BeanCreationException: Error creating bean with name 'bdf2.roleService' defined in class path resource [com/bstek/bdf2/core/config/bdf2-security-configs.xml]: Cannot resolve reference to bean 'bdf2.userService' while setting bean property 'userService'; nested exception is org.springframework.beans.factory.BeanCreationException: Error creating bean with name 'bdf2.userService': Cannot resolve reference to bean 'feadp.userService' while setting bean property 'referenceBean'; nested exception is org.springframework.beans.factory.BeanCreationException: Error creating bean with name 'feadp.userService': Injection of resource dependencies failed; nested exception is org.springframework.beans.factory.BeanCreationException: Error creating bean with name 'feadp.bizOrganizationManager': Injection of resource dependencies failed; nested exception is org.springframework.beans.factory.BeanCreationException: Error creating bean with name 'feadp.bizOrganizationRoleManager': Injection of resource dependencies failed; nested exception is org.springframework.beans.factory.BeanCreationException: Error creating bean with name 'feadp.bizOrgRoleUserManager': Injection of resource dependencies failed; nested exception is org.springframework.beans.factory.BeanCreationException: Error creating bean with name 'feadp.userManager': Injection of resource dependencies failed; nested exception is org.springframework.beans.factory.BeanCreationException: Error creating bean with name 'feadp.preferenceManager' defined in URL [jar:file:/C:/Users/Administrator/.m2/newrepository/com/ifelc/com.ifelc.feadp/2.2.0-SNAPSHOT/com.ifelc.feadp-2.2.0-SNAPSHOT.jar!/com/ifelc/feadp/manager/PreferenceManager.class]: Invocation of init method failed; nested exception is org.springframework.jdbc.BadSqlGrammarException: PreparedStatementCallback; bad SQL grammar [SELECT COUNT(1) FROM FE_F_PREFERENCES WHERE KEY_ = ?]; nested exception is com.mysql.jdbc.exceptions.MySQLSyntaxErrorException: Table 'sostv.fe_f_preferences' doesn't exist
	at org.springframework.beans.factory.support.BeanDefinitionValueResolver.resolveReference(BeanDefinitionValueResolver.java:328)
	at org.springframework.beans.factory.support.BeanDefinitionValueResolver.resolveValueIfNecessary(BeanDefinitionValueResolver.java:107)
	at org.springframework.beans.factory.support.AbstractAutowireCapableBeanFactory.applyPropertyValues(AbstractAutowireCapableBeanFactory.java:1456)
	at org.springframework.beans.factory.support.AbstractAutowireCapableBeanFactory.populateBean(AbstractAutowireCapableBeanFactory.java:1197)
	at org.springframework.beans.factory.support.AbstractAutowireCapableBeanFactory.doCreateBean(AbstractAutowireCapableBeanFactory.java:537)
	at org.springframework.beans.factory.support.AbstractAutowireCapableBeanFactory.createBean(AbstractAutowireCapableBeanFactory.java:475)
	at org.springframework.beans.factory.support.AbstractBeanFactory$1.getObject(AbstractBeanFactory.java:304)
	at org.springframework.beans.factory.support.DefaultSingletonBeanRegistry.getSingleton(DefaultSingletonBeanRegistry.java:228)
	at org.springframework.beans.factory.support.AbstractBeanFactory.doGetBean(AbstractBeanFactory.java:300)
	at org.springframework.beans.factory.support.AbstractBeanFactory.getBean(AbstractBeanFactory.java:195)
	at org.springframework.beans.factory.support.DefaultListableBeanFactory.preInstantiateSingletons(DefaultListableBeanFactory.java:700)
	at org.springframework.context.support.AbstractApplicationContext.finishBeanFactoryInitialization(AbstractApplicationContext.java:760)
	at org.springframework.context.support.AbstractApplicationContext.refresh(AbstractApplicationContext.java:482)
	at org.springframework.web.context.ContextLoader.configureAndRefreshWebApplicationContext(ContextLoader.java:381)
	at org.springframework.web.context.ContextLoader.initWebApplicationContext(ContextLoader.java:293)
	at org.springframework.web.context.ContextLoaderListener.contextInitialized(ContextLoaderListener.java:106)
	at com.bstek.dorado.web.servlet.SpringContextLoaderListener.contextInitialized(SpringContextLoaderListener.java:66)
	at org.mortbay.jetty.handler.ContextHandler.startContext(ContextHandler.java:549)
	at org.mortbay.jetty.servlet.Context.startContext(Context.java:136)
	at org.mortbay.jetty.webapp.WebAppContext.startContext(WebAppContext.java:1282)
	at org.mortbay.jetty.handler.ContextHandler.doStart(ContextHandler.java:518)
	at org.mortbay.jetty.webapp.WebAppContext.doStart(WebAppContext.java:499)
	at org.mortbay.component.AbstractLifeCycle.start(AbstractLifeCycle.java:50)
	at org.mortbay.jetty.handler.HandlerWrapper.doStart(HandlerWrapper.java:130)
	at org.mortbay.jetty.Server.doStart(Server.java:224)
	at org.mortbay.component.AbstractLifeCycle.start(AbstractLifeCycle.java:50)
	at runjettyrun.Bootstrap.main(Bootstrap.java:97)
Caused by: org.springframework.beans.factory.BeanCreationException: Error creating bean with name 'bdf2.roleService' defined in class path resource [com/bstek/bdf2/core/config/bdf2-security-configs.xml]: Cannot resolve reference to bean 'bdf2.userService' while setting bean property 'userService'; nested exception is org.springframework.beans.factory.BeanCreationException: Error creating bean with name 'bdf2.userService': Cannot resolve reference to bean 'feadp.userService' while setting bean property 'referenceBean'; nested exception is org.springframework.beans.factory.BeanCreationException: Error creating bean with name 'feadp.userService': Injection of resource dependencies failed; nested exception is org.springframework.beans.factory.BeanCreationException: Error creating bean with name 'feadp.bizOrganizationManager': Injection of resource dependencies failed; nested exception is org.springframework.beans.factory.BeanCreationException: Error creating bean with name 'feadp.bizOrganizationRoleManager': Injection of resource dependencies failed; nested exception is org.springframework.beans.factory.BeanCreationException: Error creating bean with name 'feadp.bizOrgRoleUserManager': Injection of resource dependencies failed; nested exception is org.springframework.beans.factory.BeanCreationException: Error creating bean with name 'feadp.userManager': Injection of resource dependencies failed; nested exception is org.springframework.beans.factory.BeanCreationException: Error creating bean with name 'feadp.preferenceManager' defined in URL [jar:file:/C:/Users/Administrator/.m2/newrepository/com/ifelc/com.ifelc.feadp/2.2.0-SNAPSHOT/com.ifelc.feadp-2.2.0-SNAPSHOT.jar!/com/ifelc/feadp/manager/PreferenceManager.class]: Invocation of init method failed; nested exception is org.springframework.jdbc.BadSqlGrammarException: PreparedStatementCallback; bad SQL grammar [SELECT COUNT(1) FROM FE_F_PREFERENCES WHERE KEY_ = ?]; nested exception is com.mysql.jdbc.exceptions.MySQLSyntaxErrorException: Table 'sostv.fe_f_preferences' doesn't exist
	at org.springframework.beans.factory.support.BeanDefinitionValueResolver.resolveReference(BeanDefinitionValueResolver.java:328)
	at org.springframework.beans.factory.support.BeanDefinitionValueResolver.resolveValueIfNecessary(BeanDefinitionValueResolver.java:107)
	at org.springframework.beans.factory.support.AbstractAutowireCapableBeanFactory.applyPropertyValues(AbstractAutowireCapableBeanFactory.java:1456)
	at org.springframework.beans.factory.support.AbstractAutowireCapableBeanFactory.populateBean(AbstractAutowireCapableBeanFactory.java:1197)
	at org.springframework.beans.factory.support.AbstractAutowireCapableBeanFactory.doCreateBean(AbstractAutowireCapableBeanFactory.java:537)
	at org.springframework.beans.factory.support.AbstractAutowireCapableBeanFactory.createBean(AbstractAutowireCapableBeanFactory.java:475)
	at org.springframework.beans.factory.support.AbstractBeanFactory$1.getObject(AbstractBeanFactory.java:304)
	at org.springframework.beans.factory.support.DefaultSingletonBeanRegistry.getSingleton(DefaultSingletonBeanRegistry.java:228)
	at org.springframework.beans.factory.support.AbstractBeanFactory.doGetBean(AbstractBeanFactory.java:300)
	at org.springframework.beans.factory.support.AbstractBeanFactory.getBean(AbstractBeanFactory.java:195)
	at org.springframework.beans.factory.support.BeanDefinitionValueResolver.resolveReference(BeanDefinitionValueResolver.java:320)
	... 26 more
Caused by: org.springframework.beans.factory.BeanCreationException: Error creating bean with name 'bdf2.userService': Cannot resolve reference to bean 'feadp.userService' while setting bean property 'referenceBean'; nested exception is org.springframework.beans.factory.BeanCreationException: Error creating bean with name 'feadp.userService': Injection of resource dependencies failed; nested exception is org.springframework.beans.factory.BeanCreationException: Error creating bean with name 'feadp.bizOrganizationManager': Injection of resource dependencies failed; nested exception is org.springframework.beans.factory.BeanCreationException: Error creating bean with name 'feadp.bizOrganizationRoleManager': Injection of resource dependencies failed; nested exception is org.springframework.beans.factory.BeanCreationException: Error creating bean with name 'feadp.bizOrgRoleUserManager': Injection of resource dependencies failed; nested exception is org.springframework.beans.factory.BeanCreationException: Error creating bean with name 'feadp.userManager': Injection of resource dependencies failed; nested exception is org.springframework.beans.factory.BeanCreationException: Error creating bean with name 'feadp.preferenceManager' defined in URL [jar:file:/C:/Users/Administrator/.m2/newrepository/com/ifelc/com.ifelc.feadp/2.2.0-SNAPSHOT/com.ifelc.feadp-2.2.0-SNAPSHOT.jar!/com/ifelc/feadp/manager/PreferenceManager.class]: Invocation of init method failed; nested exception is org.springframework.jdbc.BadSqlGrammarException: PreparedStatementCallback; bad SQL grammar [SELECT COUNT(1) FROM FE_F_PREFERENCES WHERE KEY_ = ?]; nested exception is com.mysql.jdbc.exceptions.MySQLSyntaxErrorException: Table 'sostv.fe_f_preferences' doesn't exist
	at org.springframework.beans.factory.support.BeanDefinitionValueResolver.resolveReference(BeanDefinitionValueResolver.java:328)
	at org.springframework.beans.factory.support.BeanDefinitionValueResolver.resolveValueIfNecessary(BeanDefinitionValueResolver.java:107)
	at org.springframework.beans.factory.support.AbstractAutowireCapableBeanFactory.applyPropertyValues(AbstractAutowireCapableBeanFactory.java:1456)
	at org.springframework.beans.factory.support.AbstractAutowireCapableBeanFactory.populateBean(AbstractAutowireCapableBeanFactory.java:1197)
	at org.springframework.beans.factory.support.AbstractAutowireCapableBeanFactory.doCreateBean(AbstractAutowireCapableBeanFactory.java:537)
	at org.springframework.beans.factory.support.AbstractAutowireCapableBeanFactory.createBean(AbstractAutowireCapableBeanFactory.java:475)
	at org.springframework.beans.factory.support.AbstractBeanFactory$1.getObject(AbstractBeanFactory.java:304)
	at org.springframework.beans.factory.support.DefaultSingletonBeanRegistry.getSingleton(DefaultSingletonBeanRegistry.java:228)
	at org.springframework.beans.factory.support.AbstractBeanFactory.doGetBean(AbstractBeanFactory.java:300)
	at org.springframework.beans.factory.support.AbstractBeanFactory.getBean(AbstractBeanFactory.java:195)
	at org.springframework.beans.factory.support.BeanDefinitionValueResolver.resolveReference(BeanDefinitionValueResolver.java:320)
	... 36 more
Caused by: org.springframework.beans.factory.BeanCreationException: Error creating bean with name 'feadp.userService': Injection of resource dependencies failed; nested exception is org.springframework.beans.factory.BeanCreationException: Error creating bean with name 'feadp.bizOrganizationManager': Injection of resource dependencies failed; nested exception is org.springframework.beans.factory.BeanCreationException: Error creating bean with name 'feadp.bizOrganizationRoleManager': Injection of resource dependencies failed; nested exception is org.springframework.beans.factory.BeanCreationException: Error creating bean with name 'feadp.bizOrgRoleUserManager': Injection of resource dependencies failed; nested exception is org.springframework.beans.factory.BeanCreationException: Error creating bean with name 'feadp.userManager': Injection of resource dependencies failed; nested exception is org.springframework.beans.factory.BeanCreationException: Error creating bean with name 'feadp.preferenceManager' defined in URL [jar:file:/C:/Users/Administrator/.m2/newrepository/com/ifelc/com.ifelc.feadp/2.2.0-SNAPSHOT/com.ifelc.feadp-2.2.0-SNAPSHOT.jar!/com/ifelc/feadp/manager/PreferenceManager.class]: Invocation of init method failed; nested exception is org.springframework.jdbc.BadSqlGrammarException: PreparedStatementCallback; bad SQL grammar [SELECT COUNT(1) FROM FE_F_PREFERENCES WHERE KEY_ = ?]; nested exception is com.mysql.jdbc.exceptions.MySQLSyntaxErrorException: Table 'sostv.fe_f_preferences' doesn't exist
	at org.springframework.context.annotation.CommonAnnotationBeanPostProcessor.postProcessPropertyValues(CommonAnnotationBeanPostProcessor.java:307)
	at org.springframework.beans.factory.support.AbstractAutowireCapableBeanFactory.populateBean(AbstractAutowireCapableBeanFactory.java:1185)
	at org.springframework.beans.factory.support.AbstractAutowireCapableBeanFactory.doCreateBean(AbstractAutowireCapableBeanFactory.java:537)
	at org.springframework.beans.factory.support.AbstractAutowireCapableBeanFactory.createBean(AbstractAutowireCapableBeanFactory.java:475)
	at org.springframework.beans.factory.support.AbstractBeanFactory$1.getObject(AbstractBeanFactory.java:304)
	at org.springframework.beans.factory.support.DefaultSingletonBeanRegistry.getSingleton(DefaultSingletonBeanRegistry.java:228)
	at org.springframework.beans.factory.support.AbstractBeanFactory.doGetBean(AbstractBeanFactory.java:300)
	at org.springframework.beans.factory.support.AbstractBeanFactory.getBean(AbstractBeanFactory.java:195)
	at org.springframework.beans.factory.support.BeanDefinitionValueResolver.resolveReference(BeanDefinitionValueResolver.java:320)
	... 46 more
Caused by: org.springframework.beans.factory.BeanCreationException: Error creating bean with name 'feadp.bizOrganizationManager': Injection of resource dependencies failed; nested exception is org.springframework.beans.factory.BeanCreationException: Error creating bean with name 'feadp.bizOrganizationRoleManager': Injection of resource dependencies failed; nested exception is org.springframework.beans.factory.BeanCreationException: Error creating bean with name 'feadp.bizOrgRoleUserManager': Injection of resource dependencies failed; nested exception is org.springframework.beans.factory.BeanCreationException: Error creating bean with name 'feadp.userManager': Injection of resource dependencies failed; nested exception is org.springframework.beans.factory.BeanCreationException: Error creating bean with name 'feadp.preferenceManager' defined in URL [jar:file:/C:/Users/Administrator/.m2/newrepository/com/ifelc/com.ifelc.feadp/2.2.0-SNAPSHOT/com.ifelc.feadp-2.2.0-SNAPSHOT.jar!/com/ifelc/feadp/manager/PreferenceManager.class]: Invocation of init method failed; nested exception is org.springframework.jdbc.BadSqlGrammarException: PreparedStatementCallback; bad SQL grammar [SELECT COUNT(1) FROM FE_F_PREFERENCES WHERE KEY_ = ?]; nested exception is com.mysql.jdbc.exceptions.MySQLSyntaxErrorException: Table 'sostv.fe_f_preferences' doesn't exist
	at org.springframework.context.annotation.CommonAnnotationBeanPostProcessor.postProcessPropertyValues(CommonAnnotationBeanPostProcessor.java:307)
	at org.springframework.beans.factory.support.AbstractAutowireCapableBeanFactory.populateBean(AbstractAutowireCapableBeanFactory.java:1185)
	at org.springframework.beans.factory.support.AbstractAutowireCapableBeanFactory.doCreateBean(AbstractAutowireCapableBeanFactory.java:537)
	at org.springframework.beans.factory.support.AbstractAutowireCapableBeanFactory.createBean(AbstractAutowireCapableBeanFactory.java:475)
	at org.springframework.beans.factory.support.AbstractBeanFactory$1.getObject(AbstractBeanFactory.java:304)
	at org.springframework.beans.factory.support.DefaultSingletonBeanRegistry.getSingleton(DefaultSingletonBeanRegistry.java:228)
	at org.springframework.beans.factory.support.AbstractBeanFactory.doGetBean(AbstractBeanFactory.java:300)
	at org.springframework.beans.factory.support.AbstractBeanFactory.getBean(AbstractBeanFactory.java:200)
	at org.springframework.context.annotation.CommonAnnotationBeanPostProcessor.autowireResource(CommonAnnotationBeanPostProcessor.java:445)
	at org.springframework.context.annotation.CommonAnnotationBeanPostProcessor.getResource(CommonAnnotationBeanPostProcessor.java:419)
	at org.springframework.context.annotation.CommonAnnotationBeanPostProcessor$ResourceElement.getResourceToInject(CommonAnnotationBeanPostProcessor.java:544)
	at org.springframework.beans.factory.annotation.InjectionMetadata$InjectedElement.inject(InjectionMetadata.java:150)
	at org.springframework.beans.factory.annotation.InjectionMetadata.inject(InjectionMetadata.java:87)
	at org.springframework.context.annotation.CommonAnnotationBeanPostProcessor.postProcessPropertyValues(CommonAnnotationBeanPostProcessor.java:304)
	... 54 more
Caused by: org.springframework.beans.factory.BeanCreationException: Error creating bean with name 'feadp.bizOrganizationRoleManager': Injection of resource dependencies failed; nested exception is org.springframework.beans.factory.BeanCreationException: Error creating bean with name 'feadp.bizOrgRoleUserManager': Injection of resource dependencies failed; nested exception is org.springframework.beans.factory.BeanCreationException: Error creating bean with name 'feadp.userManager': Injection of resource dependencies failed; nested exception is org.springframework.beans.factory.BeanCreationException: Error creating bean with name 'feadp.preferenceManager' defined in URL [jar:file:/C:/Users/Administrator/.m2/newrepository/com/ifelc/com.ifelc.feadp/2.2.0-SNAPSHOT/com.ifelc.feadp-2.2.0-SNAPSHOT.jar!/com/ifelc/feadp/manager/PreferenceManager.class]: Invocation of init method failed; nested exception is org.springframework.jdbc.BadSqlGrammarException: PreparedStatementCallback; bad SQL grammar [SELECT COUNT(1) FROM FE_F_PREFERENCES WHERE KEY_ = ?]; nested exception is com.mysql.jdbc.exceptions.MySQLSyntaxErrorException: Table 'sostv.fe_f_preferences' doesn't exist
	at org.springframework.context.annotation.CommonAnnotationBeanPostProcessor.postProcessPropertyValues(CommonAnnotationBeanPostProcessor.java:307)
	at org.springframework.beans.factory.support.AbstractAutowireCapableBeanFactory.populateBean(AbstractAutowireCapableBeanFactory.java:1185)
	at org.springframework.beans.factory.support.AbstractAutowireCapableBeanFactory.doCreateBean(AbstractAutowireCapableBeanFactory.java:537)
	at org.springframework.beans.factory.support.AbstractAutowireCapableBeanFactory.createBean(AbstractAutowireCapableBeanFactory.java:475)
	at org.springframework.beans.factory.support.AbstractBeanFactory$1.getObject(AbstractBeanFactory.java:304)
	at org.springframework.beans.factory.support.DefaultSingletonBeanRegistry.getSingleton(DefaultSingletonBeanRegistry.java:228)
	at org.springframework.beans.factory.support.AbstractBeanFactory.doGetBean(AbstractBeanFactory.java:300)
	at org.springframework.beans.factory.support.AbstractBeanFactory.getBean(AbstractBeanFactory.java:200)
	at org.springframework.context.annotation.CommonAnnotationBeanPostProcessor.autowireResource(CommonAnnotationBeanPostProcessor.java:445)
	at org.springframework.context.annotation.CommonAnnotationBeanPostProcessor.getResource(CommonAnnotationBeanPostProcessor.java:419)
	at org.springframework.context.annotation.CommonAnnotationBeanPostProcessor$ResourceElement.getResourceToInject(CommonAnnotationBeanPostProcessor.java:544)
	at org.springframework.beans.factory.annotation.InjectionMetadata$InjectedElement.inject(InjectionMetadata.java:150)
	at org.springframework.beans.factory.annotation.InjectionMetadata.inject(InjectionMetadata.java:87)
	at org.springframework.context.annotation.CommonAnnotationBeanPostProcessor.postProcessPropertyValues(CommonAnnotationBeanPostProcessor.java:304)
	... 67 more
Caused by: org.springframework.beans.factory.BeanCreationException: Error creating bean with name 'feadp.bizOrgRoleUserManager': Injection of resource dependencies failed; nested exception is org.springframework.beans.factory.BeanCreationException: Error creating bean with name 'feadp.userManager': Injection of resource dependencies failed; nested exception is org.springframework.beans.factory.BeanCreationException: Error creating bean with name 'feadp.preferenceManager' defined in URL [jar:file:/C:/Users/Administrator/.m2/newrepository/com/ifelc/com.ifelc.feadp/2.2.0-SNAPSHOT/com.ifelc.feadp-2.2.0-SNAPSHOT.jar!/com/ifelc/feadp/manager/PreferenceManager.class]: Invocation of init method failed; nested exception is org.springframework.jdbc.BadSqlGrammarException: PreparedStatementCallback; bad SQL grammar [SELECT COUNT(1) FROM FE_F_PREFERENCES WHERE KEY_ = ?]; nested exception is com.mysql.jdbc.exceptions.MySQLSyntaxErrorException: Table 'sostv.fe_f_preferences' doesn't exist
	at org.springframework.context.annotation.CommonAnnotationBeanPostProcessor.postProcessPropertyValues(CommonAnnotationBeanPostProcessor.java:307)
	at org.springframework.beans.factory.support.AbstractAutowireCapableBeanFactory.populateBean(AbstractAutowireCapableBeanFactory.java:1185)
	at org.springframework.beans.factory.support.AbstractAutowireCapableBeanFactory.doCreateBean(AbstractAutowireCapableBeanFactory.java:537)
	at org.springframework.beans.factory.support.AbstractAutowireCapableBeanFactory.createBean(AbstractAutowireCapableBeanFactory.java:475)
	at org.springframework.beans.factory.support.AbstractBeanFactory$1.getObject(AbstractBeanFactory.java:304)
	at org.springframework.beans.factory.support.DefaultSingletonBeanRegistry.getSingleton(DefaultSingletonBeanRegistry.java:228)
	at org.springframework.beans.factory.support.AbstractBeanFactory.doGetBean(AbstractBeanFactory.java:300)
	at org.springframework.beans.factory.support.AbstractBeanFactory.getBean(AbstractBeanFactory.java:200)
	at org.springframework.context.annotation.CommonAnnotationBeanPostProcessor.autowireResource(CommonAnnotationBeanPostProcessor.java:445)
	at org.springframework.context.annotation.CommonAnnotationBeanPostProcessor.getResource(CommonAnnotationBeanPostProcessor.java:419)
	at org.springframework.context.annotation.CommonAnnotationBeanPostProcessor$ResourceElement.getResourceToInject(CommonAnnotationBeanPostProcessor.java:544)
	at org.springframework.beans.factory.annotation.InjectionMetadata$InjectedElement.inject(InjectionMetadata.java:150)
	at org.springframework.beans.factory.annotation.InjectionMetadata.inject(InjectionMetadata.java:87)
	at org.springframework.context.annotation.CommonAnnotationBeanPostProcessor.postProcessPropertyValues(CommonAnnotationBeanPostProcessor.java:304)
	... 80 more
Caused by: org.springframework.beans.factory.BeanCreationException: Error creating bean with name 'feadp.userManager': Injection of resource dependencies failed; nested exception is org.springframework.beans.factory.BeanCreationException: Error creating bean with name 'feadp.preferenceManager' defined in URL [jar:file:/C:/Users/Administrator/.m2/newrepository/com/ifelc/com.ifelc.feadp/2.2.0-SNAPSHOT/com.ifelc.feadp-2.2.0-SNAPSHOT.jar!/com/ifelc/feadp/manager/PreferenceManager.class]: Invocation of init method failed; nested exception is org.springframework.jdbc.BadSqlGrammarException: PreparedStatementCallback; bad SQL grammar [SELECT COUNT(1) FROM FE_F_PREFERENCES WHERE KEY_ = ?]; nested exception is com.mysql.jdbc.exceptions.MySQLSyntaxErrorException: Table 'sostv.fe_f_preferences' doesn't exist
	at org.springframework.context.annotation.CommonAnnotationBeanPostProcessor.postProcessPropertyValues(CommonAnnotationBeanPostProcessor.java:307)
	at org.springframework.beans.factory.support.AbstractAutowireCapableBeanFactory.populateBean(AbstractAutowireCapableBeanFactory.java:1185)
	at org.springframework.beans.factory.support.AbstractAutowireCapableBeanFactory.doCreateBean(AbstractAutowireCapableBeanFactory.java:537)
	at org.springframework.beans.factory.support.AbstractAutowireCapableBeanFactory.createBean(AbstractAutowireCapableBeanFactory.java:475)
	at org.springframework.beans.factory.support.AbstractBeanFactory$1.getObject(AbstractBeanFactory.java:304)
	at org.springframework.beans.factory.support.DefaultSingletonBeanRegistry.getSingleton(DefaultSingletonBeanRegistry.java:228)
	at org.springframework.beans.factory.support.AbstractBeanFactory.doGetBean(AbstractBeanFactory.java:300)
	at org.springframework.beans.factory.support.AbstractBeanFactory.getBean(AbstractBeanFactory.java:200)
	at org.springframework.context.annotation.CommonAnnotationBeanPostProcessor.autowireResource(CommonAnnotationBeanPostProcessor.java:445)
	at org.springframework.context.annotation.CommonAnnotationBeanPostProcessor.getResource(CommonAnnotationBeanPostProcessor.java:419)
	at org.springframework.context.annotation.CommonAnnotationBeanPostProcessor$ResourceElement.getResourceToInject(CommonAnnotationBeanPostProcessor.java:544)
	at org.springframework.beans.factory.annotation.InjectionMetadata$InjectedElement.inject(InjectionMetadata.java:150)
	at org.springframework.beans.factory.annotation.InjectionMetadata.inject(InjectionMetadata.java:87)
	at org.springframework.context.annotation.CommonAnnotationBeanPostProcessor.postProcessPropertyValues(CommonAnnotationBeanPostProcessor.java:304)
	... 93 more
Caused by: org.springframework.beans.factory.BeanCreationException: Error creating bean with name 'feadp.preferenceManager' defined in URL [jar:file:/C:/Users/Administrator/.m2/newrepository/com/ifelc/com.ifelc.feadp/2.2.0-SNAPSHOT/com.ifelc.feadp-2.2.0-SNAPSHOT.jar!/com/ifelc/feadp/manager/PreferenceManager.class]: Invocation of init method failed; nested exception is org.springframework.jdbc.BadSqlGrammarException: PreparedStatementCallback; bad SQL grammar [SELECT COUNT(1) FROM FE_F_PREFERENCES WHERE KEY_ = ?]; nested exception is com.mysql.jdbc.exceptions.MySQLSyntaxErrorException: Table 'sostv.fe_f_preferences' doesn't exist
	at org.springframework.beans.factory.support.AbstractAutowireCapableBeanFactory.initializeBean(AbstractAutowireCapableBeanFactory.java:1553)
	at org.springframework.beans.factory.support.AbstractAutowireCapableBeanFactory.doCreateBean(AbstractAutowireCapableBeanFactory.java:539)
	at org.springframework.beans.factory.support.AbstractAutowireCapableBeanFactory.createBean(AbstractAutowireCapableBeanFactory.java:475)
	at org.springframework.beans.factory.support.AbstractBeanFactory$1.getObject(AbstractBeanFactory.java:304)
	at org.springframework.beans.factory.support.DefaultSingletonBeanRegistry.getSingleton(DefaultSingletonBeanRegistry.java:228)
	at org.springframework.beans.factory.support.AbstractBeanFactory.doGetBean(AbstractBeanFactory.java:300)
	at org.springframework.beans.factory.support.AbstractBeanFactory.getBean(AbstractBeanFactory.java:200)
	at org.springframework.context.annotation.CommonAnnotationBeanPostProcessor.autowireResource(CommonAnnotationBeanPostProcessor.java:445)
	at org.springframework.context.annotation.CommonAnnotationBeanPostProcessor.getResource(CommonAnnotationBeanPostProcessor.java:419)
	at org.springframework.context.annotation.CommonAnnotationBeanPostProcessor$ResourceElement.getResourceToInject(CommonAnnotationBeanPostProcessor.java:544)
	at org.springframework.beans.factory.annotation.InjectionMetadata$InjectedElement.inject(InjectionMetadata.java:150)
	at org.springframework.beans.factory.annotation.InjectionMetadata.inject(InjectionMetadata.java:87)
	at org.springframework.context.annotation.CommonAnnotationBeanPostProcessor.postProcessPropertyValues(CommonAnnotationBeanPostProcessor.java:304)
	... 106 more
Caused by: org.springframework.jdbc.BadSqlGrammarException: PreparedStatementCallback; bad SQL grammar [SELECT COUNT(1) FROM FE_F_PREFERENCES WHERE KEY_ = ?]; nested exception is com.mysql.jdbc.exceptions.MySQLSyntaxErrorException: Table 'sostv.fe_f_preferences' doesn't exist
	at org.springframework.jdbc.support.SQLErrorCodeSQLExceptionTranslator.doTranslate(SQLErrorCodeSQLExceptionTranslator.java:231)
	at org.springframework.jdbc.support.AbstractFallbackSQLExceptionTranslator.translate(AbstractFallbackSQLExceptionTranslator.java:73)
	at org.springframework.jdbc.core.JdbcTemplate.execute(JdbcTemplate.java:658)
	at org.springframework.jdbc.core.JdbcTemplate.query(JdbcTemplate.java:693)
	at org.springframework.jdbc.core.JdbcTemplate.query(JdbcTemplate.java:725)
	at org.springframework.jdbc.core.JdbcTemplate.query(JdbcTemplate.java:735)
	at org.springframework.jdbc.core.JdbcTemplate.queryForObject(JdbcTemplate.java:803)
	at org.springframework.jdbc.core.JdbcTemplate.queryForObject(JdbcTemplate.java:822)
	at org.springframework.jdbc.core.JdbcTemplate.queryForInt(JdbcTemplate.java:864)
	at com.ifelc.feadp.manager.PreferenceManager.exists(PreferenceManager.java:133)
	at com.ifelc.feadp.manager.PreferenceManager.afterPropertiesSet(PreferenceManager.java:103)
	at org.springframework.beans.factory.support.AbstractAutowireCapableBeanFactory.invokeInitMethods(AbstractAutowireCapableBeanFactory.java:1612)
	at org.springframework.beans.factory.support.AbstractAutowireCapableBeanFactory.initializeBean(AbstractAutowireCapableBeanFactory.java:1549)
	... 118 more
Caused by: com.mysql.jdbc.exceptions.MySQLSyntaxErrorException: Table 'sostv.fe_f_preferences' doesn't exist
	at com.mysql.jdbc.SQLError.createSQLException(SQLError.java:936)
	at com.mysql.jdbc.MysqlIO.checkErrorPacket(MysqlIO.java:2941)
	at com.mysql.jdbc.MysqlIO.sendCommand(MysqlIO.java:1623)
	at com.mysql.jdbc.MysqlIO.sqlQueryDirect(MysqlIO.java:1715)
	at com.mysql.jdbc.Connection.execSQL(Connection.java:3249)
	at com.mysql.jdbc.PreparedStatement.executeInternal(PreparedStatement.java:1268)
	at com.mysql.jdbc.PreparedStatement.executeQuery(PreparedStatement.java:1403)
	at org.apache.commons.dbcp.DelegatingPreparedStatement.executeQuery(DelegatingPreparedStatement.java:96)
	at org.apache.commons.dbcp.DelegatingPreparedStatement.executeQuery(DelegatingPreparedStatement.java:96)
	at org.springframework.jdbc.core.JdbcTemplate$1.doInPreparedStatement(JdbcTemplate.java:701)
	at org.springframework.jdbc.core.JdbcTemplate.execute(JdbcTemplate.java:642)
	... 128 more
